<?xml version="1.0" encoding="UTF-8"?>
<testng-results ignored="0" total="2" passed="2" failed="0" skipped="0">
  <reporter-output>
  </reporter-output>
  <suite started-at="2025-02-09T12:15:10 SGT" name="Default suite" finished-at="2025-02-09T12:15:22 SGT" duration-ms="12251">
    <groups>
    </groups>
    <test started-at="2025-02-09T12:15:10 SGT" name="Default test" finished-at="2025-02-09T12:15:22 SGT" duration-ms="12251">
      <class name="tests.TestClass">
        <test-method is-config="true" signature="setup()[pri:0, instance:tests.TestClass@6a78afa0]" started-at="2025-02-09T12:15:10 SGT" name="setup" finished-at="2025-02-09T12:15:16 SGT" duration-ms="6036" status="PASS">
          <reporter-output>
          </reporter-output>
        </test-method> <!-- setup -->
        <test-method is-config="true" signature="setupTest()[pri:0, instance:tests.TestClass@6a78afa0]" started-at="2025-02-09T12:15:16 SGT" name="setupTest" finished-at="2025-02-09T12:15:16 SGT" duration-ms="1" status="PASS">
          <reporter-output>
          </reporter-output>
        </test-method> <!-- setupTest -->
        <test-method signature="logintest()[pri:0, instance:tests.TestClass@6a78afa0]" started-at="2025-02-09T12:15:16 SGT" name="logintest" finished-at="2025-02-09T12:15:19 SGT" duration-ms="2939" status="PASS">
          <reporter-output>
          </reporter-output>
        </test-method> <!-- logintest -->
        <test-method signature="logouttest()[pri:0, instance:tests.TestClass@6a78afa0]" started-at="2025-02-09T12:15:19 SGT" name="logouttest" finished-at="2025-02-09T12:15:22 SGT" duration-ms="3221" status="PASS">
          <reporter-output>
          </reporter-output>
        </test-method> <!-- logouttest -->
        <test-method is-config="true" signature="setupTest()[pri:0, instance:tests.TestClass@6a78afa0]" started-at="2025-02-09T12:15:19 SGT" name="setupTest" finished-at="2025-02-09T12:15:19 SGT" duration-ms="0" status="PASS">
          <reporter-output>
          </reporter-output>
        </test-method> <!-- setupTest -->
      </class> <!-- tests.TestClass -->
    </test> <!-- Default test -->
  </suite> <!-- Default suite -->
</testng-results>
